<?xml version="1.0" encoding="UTF-8"?>
<!-- Generated by org.testng.reporters.JUnitReportReporter -->
<testsuite skipped="4" hostname="LAPTOP-UBJLLNMQ" name="com.crm.qa.testcases.LoginPageTest" tests="5" failures="0" timestamp="04 Aug 2019 10:29:47 GMT" time="16.496" errors="0">
  <testcase name="faceBookSignUp" time="16.496" classname="com.crm.qa.testcases.LoginPageTest"/>
  <testcase name="passwordFieldTest" classname="com.crm.qa.testcases.LoginPageTest">
    <skipped/>
  </testcase> <!-- passwordFieldTest -->
  <testcase name="signInButtonTest" classname="com.crm.qa.testcases.LoginPageTest">
    <skipped/>
  </testcase> <!-- signInButtonTest -->
  <testcase name="languageSelect" classname="com.crm.qa.testcases.LoginPageTest">
    <skipped/>
  </testcase> <!-- languageSelect -->
  <testcase name="emailOrPhoneTest" classname="com.crm.qa.testcases.LoginPageTest">
    <skipped/>
  </testcase> <!-- emailOrPhoneTest -->
</testsuite> <!-- com.crm.qa.testcases.LoginPageTest -->
